<?xml version="1.0" encoding="UTF-8"?>
<testsuite xmlns:xsi="http://www.w3.org/2001/XMLSchema-instance" xsi:noNamespaceSchemaLocation="https://maven.apache.org/surefire/maven-surefire-plugin/xsd/surefire-test-report.xsd" version="3.0.2" name="org.sellhelp.backend.repositories.CityRepositoryTest" time="3.262" tests="4" errors="0" skipped="0" failures="0">
  <properties>
[...]
</properties>
  <testcase name="cityGeneralCRUDFunctionalityTest" classname="org.sellhelp.backend.repositories.CityRepositoryTest" time="0.11">
    <system-out><![CDATA[2026-03-04T08:50:27.725Z  INFO 2152 --- [           main] t.c.s.AnnotationConfigContextLoaderUtils : Could not detect default configuration classes for test class [org.sellhelp.backend.repositories.CityRepositoryTest]: CityRepositoryTest does not declare any static, non-private, non-final, nested classes annotated with @Configuration.
2026-03-04T08:50:27.751Z  INFO 2152 --- [           main] .b.t.c.SpringBootTestContextBootstrapper : Found @SpringBootConfiguration org.sellhelp.backend.BackendApplication for test class org.sellhelp.backend.repositories.CityRepositoryTest
2026-03-04T08:50:27.759Z  INFO 2152 --- [           main] m.p.springdotenv.DotenvPropertySource    : Initialized Dotenv with DotenvConfig{directory=null, filename=null, ignoreIfMalformed=false, ignoreIfMissing=true, systemProperties=false, prefix=null}


  /$$$$$$            /$$ /$$ /$$   /$$           /$$
 /$$__  $$          | $$| $$| $$  | $$          | $$
| $$  \__/  /$$$$$$ | $$| $$| $$  | $$  /$$$$$$ | $$  /$$$$$$
|  $$$$$$  /$$__  $$| $$| $$| $$$$$$$$ /$$__  $$| $$ /$$__  $$
 \____  $$| $$$$$$$$| $$| $$| $$__  $$| $$$$$$$$| $$| $$  \ $$
 /$$  \ $$| $$_____/| $$| $$| $$  | $$| $$_____/| $$| $$  | $$
|  $$$$$$/|  $$$$$$$| $$| $$| $$  | $$|  $$$$$$$| $$| $$$$$$$/
 \______/  \_______/|__/|__/|__/  |__/ \_______/|__/| $$____/
                                                    | $$
                                                    | $$
                                                    |__/


2026-03-04T08:50:27.776Z  INFO 2152 --- [           main] o.s.b.repositories.CityRepositoryTest    : Starting CityRepositoryTest using Java 25.0.2 with PID 2152 (started by runner in /home/runner/work/vizsgaremek/vizsgaremek/backend)
2026-03-04T08:50:27.777Z  INFO 2152 --- [           main] o.s.b.repositories.CityRepositoryTest    : No active profile set, falling back to 1 default profile: "default"
2026-03-04T08:50:27.938Z  INFO 2152 --- [           main] .s.d.r.c.RepositoryConfigurationDelegate : Bootstrapping Spring Data JPA repositories in DEFAULT mode.
2026-03-04T08:50:28.022Z  INFO 2152 --- [           main] .s.d.r.c.RepositoryConfigurationDelegate : Finished Spring Data repository scanning in 69 ms. Found 15 JPA repository interfaces.
2026-03-04T08:50:28.070Z  INFO 2152 --- [           main] beddedDataSourceBeanFactoryPostProcessor : Replacing 'dataSource' DataSource bean with embedded version
2026-03-04T08:50:28.115Z  INFO 2152 --- [           main] o.s.j.d.e.EmbeddedDatabaseFactory        : Starting embedded database: url='jdbc:h2:mem:205082e3-1074-47dc-a7f4-c3790f98b41b;DB_CLOSE_DELAY=-1;DB_CLOSE_ON_EXIT=false', username='sa'
2026-03-04T08:50:28.538Z  INFO 2152 --- [           main] o.hibernate.jpa.internal.util.LogHelper  : HHH000204: Processing PersistenceUnitInfo [name: default]
2026-03-04T08:50:28.587Z  INFO 2152 --- [           main] org.hibernate.Version                    : HHH000412: Hibernate ORM core version 6.6.33.Final
2026-03-04T08:50:28.617Z  INFO 2152 --- [           main] o.h.c.internal.RegionFactoryInitiator    : HHH000026: Second-level cache disabled
2026-03-04T08:50:28.746Z  INFO 2152 --- [           main] o.s.o.j.p.SpringPersistenceUnitInfo      : No LoadTimeWeaver setup: ignoring JPA class transformer
2026-03-04T08:50:28.803Z  WARN 2152 --- [           main] org.hibernate.orm.deprecation            : HHH90000025: H2Dialect does not need to be specified explicitly using 'hibernate.dialect' (remove the property setting and it will be selected by default)
2026-03-04T08:50:28.820Z  INFO 2152 --- [           main] org.hibernate.orm.connections.pooling    : HHH10001005: Database info:
	Database JDBC URL [Connecting through datasource 'org.springframework.jdbc.datasource.embedded.EmbeddedDatabaseFactory$EmbeddedDataSourceProxy@622ae2ba']
	Database driver: undefined/unknown
	Database version: 2.3.232
	Autocommit mode: undefined/unknown
	Isolation level: undefined/unknown
	Minimum pool size: undefined/unknown
	Maximum pool size: undefined/unknown
2026-03-04T08:50:30.088Z  INFO 2152 --- [           main] o.h.e.t.j.p.i.JtaPlatformInitiator       : HHH000489: No JTA platform available (set 'hibernate.transaction.jta.platform' to enable JTA platform integration)
Hibernate: create table chat_files (id integer generated by default as identity, file_path varchar(255) not null, message_id integer not null, primary key (id))
Hibernate: create table chat_messages (id integer generated by default as identity, message varchar(255) not null, sent_at timestamp(6) with time zone, chat_id integer, user_id integer, primary key (id))
Hibernate: create table chats (id integer generated by default as identity, guest_id integer, host_id integer, primary key (id))
Hibernate: create table cities (id integer generated by default as identity, city_name varchar(255) not null, county_id integer, primary key (id))
Hibernate: create table comments (id integer generated by default as identity, created_at timestamp(6) with time zone, message varchar(255) not null, user_id integer, post_id integer, primary key (id))
Hibernate: create table counties (id integer generated by default as identity, county_name varchar(255) not null, primary key (id))
Hibernate: create table job_applications (id integer generated by default as identity, applied_at timestamp(6) with time zone, user_id integer, post_id integer, primary key (id))
Hibernate: create table notifications (id integer generated by default as identity, message varchar(255) not null, sent_at timestamp(6) with time zone, title varchar(255) not null, user_id integer, primary key (id))
Hibernate: create table post_files (id integer generated by default as identity, file_path varchar(255) not null, post_id integer, primary key (id))
Hibernate: create table post_status (id integer generated by default as identity, status_name varchar(255) not null, primary key (id))
Hibernate: create table posts (id integer generated by default as identity, created_at timestamp(6) with time zone not null, description varchar(255) not null, reward integer not null, title varchar(255) not null, city_id integer, user_id integer, status_id integer, selected_user_id integer, primary key (id))
Hibernate: create table report_types (id integer generated by default as identity, name varchar(255) not null, primary key (id))
Hibernate: create table report_types_reports (report_type_id integer not null, reports_id integer not null)
Hibernate: create table reports (id integer generated by default as identity, comment varchar(255), created_at timestamp(6) with time zone, report_type_id integer, reported_user_id integer, sender_user_id integer, primary key (id))
Hibernate: create table review_files (id integer generated by default as identity, file_path varchar(255) not null, review_id integer, primary key (id))
Hibernate: create table reviews (id integer generated by default as identity, comment varchar(255), created_at timestamp(6) with time zone not null, rating tinyint not null, reviewed_user_id integer, sender_user_id integer, primary key (id))
Hibernate: create table user_files (id integer generated by default as identity, file_path varchar(255) not null, user_id integer, primary key (id))
Hibernate: create table user_roles (id integer generated by default as identity, role_name varchar(255) not null, primary key (id))
Hibernate: create table user_secrets (id integer generated by default as identity, is_mfa boolean not null, last_used_pass varchar(255), password varchar(255) not null, totp_secret varchar(255), user_id integer, primary key (id))
Hibernate: create table users (id integer generated by default as identity, auth_provider enum ('GOOGLE','LOCAL') not null, is_banned boolean, birth_date date not null, created_at timestamp(6) with time zone not null, email varchar(255) not null, first_name varchar(255) not null, last_name varchar(255) not null, profile_picture_path varchar(255), city_id integer, role_id integer, primary key (id))
Hibernate: alter table if exists counties drop constraint if exists UKcqm7nrgdk8sa2ve6d4kfrjf7r
Hibernate: alter table if exists counties add constraint UKcqm7nrgdk8sa2ve6d4kfrjf7r unique (county_name)
Hibernate: alter table if exists post_status drop constraint if exists UKc3dtkoq3w015owmscbq77c7pf
Hibernate: alter table if exists post_status add constraint UKc3dtkoq3w015owmscbq77c7pf unique (status_name)
Hibernate: alter table if exists report_types_reports drop constraint if exists UKal0nuoy7n39yueg6tp94b0n1h
Hibernate: alter table if exists report_types_reports add constraint UKal0nuoy7n39yueg6tp94b0n1h unique (reports_id)
Hibernate: alter table if exists user_roles drop constraint if exists UK40fvvy071dnqy9tywk6ei7f5r
Hibernate: alter table if exists user_roles add constraint UK40fvvy071dnqy9tywk6ei7f5r unique (role_name)
Hibernate: alter table if exists user_secrets drop constraint if exists UKs2aw59680b30e26yj254wps8p
Hibernate: alter table if exists user_secrets add constraint UKs2aw59680b30e26yj254wps8p unique (user_id)
Hibernate: alter table if exists users drop constraint if exists UK6dotkott2kjsp8vw4d0m25fb7
Hibernate: alter table if exists users add constraint UK6dotkott2kjsp8vw4d0m25fb7 unique (email)
Hibernate: alter table if exists chat_files add constraint FKiht0rhdnoy6londjkdgrt711m foreign key (message_id) references chat_messages
Hibernate: alter table if exists chat_messages add constraint FKt56nsqjwt7t4sian6vts9wg3t foreign key (chat_id) references chats
Hibernate: alter table if exists chat_messages add constraint FK6f0y4l43ihmgfswkgy9yrtjkh foreign key (user_id) references users
Hibernate: alter table if exists chats add constraint FKcie0ipcrsoe8hbjex5tsx8g03 foreign key (guest_id) references users
Hibernate: alter table if exists chats add constraint FKo6ongngqhuidk1w3yk4065wgq foreign key (host_id) references users
Hibernate: alter table if exists cities add constraint FK8yefn49wc1ach41ahh5o7h419 foreign key (county_id) references counties
Hibernate: alter table if exists comments add constraint FK8omq0tc18jd43bu5tjh6jvraq foreign key (user_id) references users
Hibernate: alter table if exists comments add constraint FKh4c7lvsc298whoyd4w9ta25cr foreign key (post_id) references posts
Hibernate: alter table if exists job_applications add constraint FKqs2guhg7p83917vto86imuthy foreign key (user_id) references users
Hibernate: alter table if exists job_applications add constraint FKeqlcqq1yxgbwau1wtil6ret7g foreign key (post_id) references posts
Hibernate: alter table if exists notifications add constraint FK9y21adhxn0ayjhfocscqox7bh foreign key (user_id) references users
Hibernate: alter table if exists post_files add constraint FK8xc9ew2bxk7axrmc9epq40v2h foreign key (post_id) references posts
Hibernate: alter table if exists posts add constraint FKpucteygcqa5khlq3jfw2gcufa foreign key (city_id) references cities
Hibernate: alter table if exists posts add constraint FK5lidm6cqbc7u4xhqpxm898qme foreign key (user_id) references users
Hibernate: alter table if exists posts add constraint FKstvtl7nsq7fee8kxu72h6x0bn foreign key (status_id) references post_status
Hibernate: alter table if exists posts add constraint FKqlsyt8499gklrwc3nq6lxnjhj foreign key (selected_user_id) references users
Hibernate: alter table if exists report_types_reports add constraint FK1u8j2kay7nwtxjjtrqexam589 foreign key (reports_id) references reports
Hibernate: alter table if exists report_types_reports add constraint FKdvxtx1ro4lfjsyn6o7towg6q5 foreign key (report_type_id) references report_types
Hibernate: alter table if exists reports add constraint FKo91x31sier8wrdto7u6paik7o foreign key (report_type_id) references report_types
Hibernate: alter table if exists reports add constraint FKb3bqi44mjskbnwupr31nfq5ui foreign key (reported_user_id) references users
Hibernate: alter table if exists reports add constraint FK6m8csaysdhbt4k30jlhl7coe7 foreign key (sender_user_id) references users
Hibernate: alter table if exists review_files add constraint FKi057g315qyamgu794q1klkkoq foreign key (review_id) references reviews
Hibernate: alter table if exists reviews add constraint FK6m1kr6qopmdr9icvailpjx8xf foreign key (reviewed_user_id) references users
Hibernate: alter table if exists reviews add constraint FK1oc2lmy893kq9yn0kclor8l2c foreign key (sender_user_id) references users
Hibernate: alter table if exists user_files add constraint FKrelrpb2d8sq8bh91dob4t50vs foreign key (user_id) references users
Hibernate: alter table if exists user_secrets add constraint FK9qvjo1o7y1p8pbhvoaglnwyq1 foreign key (user_id) references users
Hibernate: alter table if exists users add constraint FKn36jwt4acj3il2ixvv2c0ncco foreign key (city_id) references cities
Hibernate: alter table if exists users add constraint FKh555fyoyldpyaltlb7jva35j2 foreign key (role_id) references user_roles
2026-03-04T08:50:30.231Z  INFO 2152 --- [           main] j.LocalContainerEntityManagerFactoryBean : Initialized JPA EntityManagerFactory for persistence unit 'default'
2026-03-04T08:50:30.834Z  INFO 2152 --- [           main] o.s.b.repositories.CityRepositoryTest    : Started CityRepositoryTest in 3.079 seconds (process running for 15.349)
Hibernate: insert into cities (city_name,county_id,id) values (?,?,default)
]]></system-out>
  </testcase>
  <testcase name="cityCanBeUpdatedToCityRepositoryAndDB" classname="org.sellhelp.backend.repositories.CityRepositoryTest" time="0.009">
    <system-out><![CDATA[Hibernate: insert into cities (city_name,county_id,id) values (?,?,default)
]]></system-out>
  </testcase>
  <testcase name="cityCanBeAddedToCityRepositoryAndDB" classname="org.sellhelp.backend.repositories.CityRepositoryTest" time="0.01">
    <system-out><![CDATA[Hibernate: insert into cities (city_name,county_id,id) values (?,?,default)
]]></system-out>
  </testcase>
  <testcase name="cityCanBeDeletedFromCityRepositoryAndDB" classname="org.sellhelp.backend.repositories.CityRepositoryTest" time="0.011">
    <system-out><![CDATA[Hibernate: insert into cities (city_name,county_id,id) values (?,?,default)
]]></system-out>
  </testcase>
</testsuite>